<?xml version="1.0" encoding="UTF-8"?>
<!-- Generated by org.testng.reporters.JUnitReportReporter -->
<testsuite hostname="mohammad" failures="0" tests="3" name="first_project.create_account" time="13.089" errors="0" timestamp="2025-06-30T23:33:09 EET" skipped="0">
  <testcase classname="first_project.create_account" name="signup" time="5.343"/>
  <testcase classname="first_project.create_account" name="login" time="2.313"/>
  <testcase classname="first_project.create_account" name="AddToCart" time="5.433"/>
</testsuite> <!-- first_project.create_account -->
