<?xml version="1.0" encoding="UTF-8"?>
<!-- Generated by org.testng.reporters.JUnitReportReporter -->
<testsuite hostname="mohammad" failures="0" tests="3" name="first_project.my_first_test" time="4.908" errors="0" timestamp="2025-06-29T15:54:17 EET" skipped="0">
  <testcase classname="first_project.my_first_test" name="login" time="0.678"/>
  <testcase classname="first_project.my_first_test" name="addToCart" time="0.110"/>
  <testcase classname="first_project.my_first_test" name="checkout" time="4.120"/>
</testsuite> <!-- first_project.my_first_test -->
